2021/02/25 21:28:31 [error] [exception.ParseError] ParseError: syntax error, unexpected '<' in /var/www/vh.cuby.net/protected/views/slide/show.php:16
Stack trace:
#0 /var/www/yii-1.1.14.f0fee9/framework/web/CBaseController.php(95): CBaseController->renderInternal('/var/www/vh.cub...', NULL, true)
#1 /var/www/yii-1.1.14.f0fee9/framework/web/CController.php(869): CBaseController->renderFile('/var/www/vh.cub...', NULL, true)
#2 /var/www/yii-1.1.14.f0fee9/framework/web/CController.php(782): CController->renderPartial('show', NULL, true)
#3 /var/www/vh.cuby.net/protected/controllers/SlideController.php(36): CController->render('show')
#4 /var/www/yii-1.1.14.f0fee9/framework/web/actions/CInlineAction.php(49): SlideController->actionShow()
#5 /var/www/yii-1.1.14.f0fee9/framework/web/CController.php(308): CInlineAction->runWithParams(Array)
#6 /var/www/yii-1.1.14.f0fee9/framework/web/CController.php(286): CController->runAction(Object(CInlineAction))
#7 /var/www/yii-1.1.14.f0fee9/framework/web/CController.php(265): CController->runActionWithFilters(Object(CInlineAction), Array)
#8 /var/www/yii-1.1.14.f0fee9/framework/web/CWebApplication.php(282): CController->run('show')
#9 /var/www/yii-1.1.14.f0fee9/framework/web/CWebApplication.php(141): CWebApplication->runController('slide/show')
#10 /var/www/yii-1.1.14.f0fee9/framework/base/CApplication.php(180): CWebApplication->processRequest()
#11 /var/www/vh.cuby.net/index.php(13): CApplication->run()
#12 {main}
REQUEST_URI=/index.php?r=slide/show
---
2021/02/25 21:32:15 [error] [php] Object of class CClientScript could not be converted to string (/var/www/vh.cuby.net/protected/views/slide/show.php:16)
Stack trace:
#0 /var/www/yii-1.1.14.f0fee9/framework/web/CController.php(869): SlideController->renderFile()
#1 /var/www/yii-1.1.14.f0fee9/framework/web/CController.php(782): SlideController->renderPartial()
#2 /var/www/vh.cuby.net/protected/controllers/SlideController.php(36): SlideController->render()
#3 /var/www/yii-1.1.14.f0fee9/framework/web/actions/CInlineAction.php(49): SlideController->actionShow()
#4 /var/www/yii-1.1.14.f0fee9/framework/web/CController.php(308): CInlineAction->runWithParams()
#5 /var/www/yii-1.1.14.f0fee9/framework/web/CController.php(286): SlideController->runAction()
#6 /var/www/yii-1.1.14.f0fee9/framework/web/CController.php(265): SlideController->runActionWithFilters()
#7 /var/www/yii-1.1.14.f0fee9/framework/web/CWebApplication.php(282): SlideController->run()
#8 /var/www/yii-1.1.14.f0fee9/framework/web/CWebApplication.php(141): CWebApplication->runController()
#9 /var/www/yii-1.1.14.f0fee9/framework/base/CApplication.php(180): CWebApplication->processRequest()
#10 /var/www/vh.cuby.net/index.php(13): CWebApplication->run()
REQUEST_URI=/index.php?r=slide/show
in /var/www/vh.cuby.net/protected/views/slide/show.php (16)
in /var/www/vh.cuby.net/protected/controllers/SlideController.php (36)
in /var/www/vh.cuby.net/index.php (13)
2021/02/25 21:44:17 [error] [php] Undefined variable: assetsDir (/var/www/vh.cuby.net/protected/views/slide/show.php:16)
Stack trace:
#0 /var/www/yii-1.1.14.f0fee9/framework/web/CController.php(869): SlideController->renderFile()
#1 /var/www/yii-1.1.14.f0fee9/framework/web/CController.php(782): SlideController->renderPartial()
#2 /var/www/vh.cuby.net/protected/controllers/SlideController.php(36): SlideController->render()
#3 /var/www/yii-1.1.14.f0fee9/framework/web/actions/CInlineAction.php(49): SlideController->actionShow()
#4 /var/www/yii-1.1.14.f0fee9/framework/web/CController.php(308): CInlineAction->runWithParams()
#5 /var/www/yii-1.1.14.f0fee9/framework/web/CController.php(286): SlideController->runAction()
#6 /var/www/yii-1.1.14.f0fee9/framework/web/CController.php(265): SlideController->runActionWithFilters()
#7 /var/www/yii-1.1.14.f0fee9/framework/web/CWebApplication.php(282): SlideController->run()
#8 /var/www/yii-1.1.14.f0fee9/framework/web/CWebApplication.php(141): CWebApplication->runController()
#9 /var/www/yii-1.1.14.f0fee9/framework/base/CApplication.php(180): CWebApplication->processRequest()
#10 /var/www/vh.cuby.net/index.php(13): CWebApplication->run()
REQUEST_URI=/index.php?r=slide/show
in /var/www/vh.cuby.net/protected/views/slide/show.php (16)
in /var/www/vh.cuby.net/protected/controllers/SlideController.php (36)
in /var/www/vh.cuby.net/index.php (13)
2021/02/25 22:02:17 [error] [exception.CException] CException: The asset "/var/www/vh.cuby.net/protected/views/slide/assets/s.js" to be published does not exist. in /var/www/yii-1.1.14.f0fee9/framework/web/CAssetManager.php:257
Stack trace:
#0 /var/www/vh.cuby.net/protected/views/slide/show.php(14): CAssetManager->publish('/var/www/vh.cub...')
#1 /var/www/yii-1.1.14.f0fee9/framework/web/CBaseController.php(126): require('/var/www/vh.cub...')
#2 /var/www/yii-1.1.14.f0fee9/framework/web/CBaseController.php(95): CBaseController->renderInternal('/var/www/vh.cub...', NULL, true)
#3 /var/www/yii-1.1.14.f0fee9/framework/web/CController.php(869): CBaseController->renderFile('/var/www/vh.cub...', NULL, true)
#4 /var/www/yii-1.1.14.f0fee9/framework/web/CController.php(782): CController->renderPartial('show', NULL, true)
#5 /var/www/vh.cuby.net/protected/controllers/SlideController.php(36): CController->render('show')
#6 /var/www/yii-1.1.14.f0fee9/framework/web/actions/CInlineAction.php(49): SlideController->actionShow()
#7 /var/www/yii-1.1.14.f0fee9/framework/web/CController.php(308): CInlineAction->runWithParams(Array)
#8 /var/www/yii-1.1.14.f0fee9/framework/web/CController.php(286): CController->runAction(Object(CInlineAction))
#9 /var/www/yii-1.1.14.f0fee9/framework/web/CController.php(265): CController->runActionWithFilters(Object(CInlineAction), Array)
#10 /var/www/yii-1.1.14.f0fee9/framework/web/CWebApplication.php(282): CController->run('show')
#11 /var/www/yii-1.1.14.f0fee9/framework/web/CWebApplication.php(141): CWebApplication->runController('slide/show')
#12 /var/www/yii-1.1.14.f0fee9/framework/base/CApplication.php(180): CWebApplication->processRequest()
#13 /var/www/vh.cuby.net/index.php(13): CApplication->run()
#14 {main}
REQUEST_URI=/index.php?r=slide/show
---
2021/02/25 22:03:42 [error] [exception.CException] CException: The asset "/var/www/vh.cuby.net/protected/views/slide/assets/s.js" to be published does not exist. in /var/www/yii-1.1.14.f0fee9/framework/web/CAssetManager.php:257
Stack trace:
#0 /var/www/vh.cuby.net/protected/views/slide/show.php(14): CAssetManager->publish('/var/www/vh.cub...')
#1 /var/www/yii-1.1.14.f0fee9/framework/web/CBaseController.php(126): require('/var/www/vh.cub...')
#2 /var/www/yii-1.1.14.f0fee9/framework/web/CBaseController.php(95): CBaseController->renderInternal('/var/www/vh.cub...', NULL, true)
#3 /var/www/yii-1.1.14.f0fee9/framework/web/CController.php(869): CBaseController->renderFile('/var/www/vh.cub...', NULL, true)
#4 /var/www/yii-1.1.14.f0fee9/framework/web/CController.php(782): CController->renderPartial('show', NULL, true)
#5 /var/www/vh.cuby.net/protected/controllers/SlideController.php(36): CController->render('show')
#6 /var/www/yii-1.1.14.f0fee9/framework/web/actions/CInlineAction.php(49): SlideController->actionShow()
#7 /var/www/yii-1.1.14.f0fee9/framework/web/CController.php(308): CInlineAction->runWithParams(Array)
#8 /var/www/yii-1.1.14.f0fee9/framework/web/CController.php(286): CController->runAction(Object(CInlineAction))
#9 /var/www/yii-1.1.14.f0fee9/framework/web/CController.php(265): CController->runActionWithFilters(Object(CInlineAction), Array)
#10 /var/www/yii-1.1.14.f0fee9/framework/web/CWebApplication.php(282): CController->run('show')
#11 /var/www/yii-1.1.14.f0fee9/framework/web/CWebApplication.php(141): CWebApplication->runController('slide/show')
#12 /var/www/yii-1.1.14.f0fee9/framework/base/CApplication.php(180): CWebApplication->processRequest()
#13 /var/www/vh.cuby.net/index.php(13): CApplication->run()
#14 {main}
REQUEST_URI=/index.php?r=slide/show
---
2021/02/25 22:03:44 [error] [exception.CException] CException: The asset "/var/www/vh.cuby.net/protected/views/slide/assets/s.js" to be published does not exist. in /var/www/yii-1.1.14.f0fee9/framework/web/CAssetManager.php:257
Stack trace:
#0 /var/www/vh.cuby.net/protected/views/slide/show.php(14): CAssetManager->publish('/var/www/vh.cub...')
#1 /var/www/yii-1.1.14.f0fee9/framework/web/CBaseController.php(126): require('/var/www/vh.cub...')
#2 /var/www/yii-1.1.14.f0fee9/framework/web/CBaseController.php(95): CBaseController->renderInternal('/var/www/vh.cub...', NULL, true)
#3 /var/www/yii-1.1.14.f0fee9/framework/web/CController.php(869): CBaseController->renderFile('/var/www/vh.cub...', NULL, true)
#4 /var/www/yii-1.1.14.f0fee9/framework/web/CController.php(782): CController->renderPartial('show', NULL, true)
#5 /var/www/vh.cuby.net/protected/controllers/SlideController.php(36): CController->render('show')
#6 /var/www/yii-1.1.14.f0fee9/framework/web/actions/CInlineAction.php(49): SlideController->actionShow()
#7 /var/www/yii-1.1.14.f0fee9/framework/web/CController.php(308): CInlineAction->runWithParams(Array)
#8 /var/www/yii-1.1.14.f0fee9/framework/web/CController.php(286): CController->runAction(Object(CInlineAction))
#9 /var/www/yii-1.1.14.f0fee9/framework/web/CController.php(265): CController->runActionWithFilters(Object(CInlineAction), Array)
#10 /var/www/yii-1.1.14.f0fee9/framework/web/CWebApplication.php(282): CController->run('show')
#11 /var/www/yii-1.1.14.f0fee9/framework/web/CWebApplication.php(141): CWebApplication->runController('slide/show')
#12 /var/www/yii-1.1.14.f0fee9/framework/base/CApplication.php(180): CWebApplication->processRequest()
#13 /var/www/vh.cuby.net/index.php(13): CApplication->run()
#14 {main}
REQUEST_URI=/index.php?r=slide/show
---
2021/02/25 22:03:45 [error] [exception.CException] CException: The asset "/var/www/vh.cuby.net/protected/views/slide/assets/s.js" to be published does not exist. in /var/www/yii-1.1.14.f0fee9/framework/web/CAssetManager.php:257
Stack trace:
#0 /var/www/vh.cuby.net/protected/views/slide/show.php(14): CAssetManager->publish('/var/www/vh.cub...')
#1 /var/www/yii-1.1.14.f0fee9/framework/web/CBaseController.php(126): require('/var/www/vh.cub...')
#2 /var/www/yii-1.1.14.f0fee9/framework/web/CBaseController.php(95): CBaseController->renderInternal('/var/www/vh.cub...', NULL, true)
#3 /var/www/yii-1.1.14.f0fee9/framework/web/CController.php(869): CBaseController->renderFile('/var/www/vh.cub...', NULL, true)
#4 /var/www/yii-1.1.14.f0fee9/framework/web/CController.php(782): CController->renderPartial('show', NULL, true)
#5 /var/www/vh.cuby.net/protected/controllers/SlideController.php(36): CController->render('show')
#6 /var/www/yii-1.1.14.f0fee9/framework/web/actions/CInlineAction.php(49): SlideController->actionShow()
#7 /var/www/yii-1.1.14.f0fee9/framework/web/CController.php(308): CInlineAction->runWithParams(Array)
#8 /var/www/yii-1.1.14.f0fee9/framework/web/CController.php(286): CController->runAction(Object(CInlineAction))
#9 /var/www/yii-1.1.14.f0fee9/framework/web/CController.php(265): CController->runActionWithFilters(Object(CInlineAction), Array)
#10 /var/www/yii-1.1.14.f0fee9/framework/web/CWebApplication.php(282): CController->run('show')
#11 /var/www/yii-1.1.14.f0fee9/framework/web/CWebApplication.php(141): CWebApplication->runController('slide/show')
#12 /var/www/yii-1.1.14.f0fee9/framework/base/CApplication.php(180): CWebApplication->processRequest()
#13 /var/www/vh.cuby.net/index.php(13): CApplication->run()
#14 {main}
REQUEST_URI=/index.php?r=slide/show
---
2021/02/25 22:04:52 [error] [php] copy(/var/www/vh.cuby.net/protected/views/slide/assets/s.js): failed to open stream: Permission denied (/var/www/yii-1.1.14.f0fee9/framework/web/CAssetManager.php:232)
Stack trace:
#0 /var/www/yii-1.1.14.f0fee9/framework/web/CBaseController.php(126): require()
#1 /var/www/yii-1.1.14.f0fee9/framework/web/CBaseController.php(95): SlideController->renderInternal()
#2 /var/www/yii-1.1.14.f0fee9/framework/web/CController.php(869): SlideController->renderFile()
#3 /var/www/yii-1.1.14.f0fee9/framework/web/CController.php(782): SlideController->renderPartial()
#4 /var/www/vh.cuby.net/protected/controllers/SlideController.php(36): SlideController->render()
#5 /var/www/yii-1.1.14.f0fee9/framework/web/actions/CInlineAction.php(49): SlideController->actionShow()
#6 /var/www/yii-1.1.14.f0fee9/framework/web/CController.php(308): CInlineAction->runWithParams()
#7 /var/www/yii-1.1.14.f0fee9/framework/web/CController.php(286): SlideController->runAction()
#8 /var/www/yii-1.1.14.f0fee9/framework/web/CController.php(265): SlideController->runActionWithFilters()
#9 /var/www/yii-1.1.14.f0fee9/framework/web/CWebApplication.php(282): SlideController->run()
#10 /var/www/yii-1.1.14.f0fee9/framework/web/CWebApplication.php(141): CWebApplication->runController()
#11 /var/www/yii-1.1.14.f0fee9/framework/base/CApplication.php(180): CWebApplication->processRequest()
#12 /var/www/vh.cuby.net/index.php(13): CWebApplication->run()
REQUEST_URI=/index.php?r=slide/show
in /var/www/vh.cuby.net/protected/views/slide/show.php (14)
in /var/www/vh.cuby.net/protected/controllers/SlideController.php (36)
in /var/www/vh.cuby.net/index.php (13)
2021/02/26 00:19:24 [error] [php] include(CHTML.php): failed to open stream: No such file or directory (/var/www/yii-1.1.14.f0fee9/framework/YiiBase.php:427)
Stack trace:
#0 /var/www/vh.cuby.net/protected/views/slide/show.php(34): spl_autoload_call()
#1 /var/www/yii-1.1.14.f0fee9/framework/web/CBaseController.php(126): require()
#2 /var/www/yii-1.1.14.f0fee9/framework/web/CBaseController.php(95): SlideController->renderInternal()
#3 /var/www/yii-1.1.14.f0fee9/framework/web/CController.php(869): SlideController->renderFile()
#4 /var/www/yii-1.1.14.f0fee9/framework/web/CController.php(782): SlideController->renderPartial()
#5 /var/www/vh.cuby.net/protected/controllers/SlideController.php(36): SlideController->render()
#6 /var/www/yii-1.1.14.f0fee9/framework/web/actions/CInlineAction.php(49): SlideController->actionShow()
#7 /var/www/yii-1.1.14.f0fee9/framework/web/CController.php(308): CInlineAction->runWithParams()
#8 /var/www/yii-1.1.14.f0fee9/framework/web/CController.php(286): SlideController->runAction()
#9 /var/www/yii-1.1.14.f0fee9/framework/web/CController.php(265): SlideController->runActionWithFilters()
#10 /var/www/yii-1.1.14.f0fee9/framework/web/CWebApplication.php(282): SlideController->run()
#11 /var/www/yii-1.1.14.f0fee9/framework/web/CWebApplication.php(141): CWebApplication->runController()
#12 /var/www/yii-1.1.14.f0fee9/framework/base/CApplication.php(180): CWebApplication->processRequest()
#13 /var/www/vh.cuby.net/index.php(13): CWebApplication->run()
REQUEST_URI=/index.php?r=slide/show
in /var/www/vh.cuby.net/protected/views/slide/show.php (34)
in /var/www/vh.cuby.net/protected/controllers/SlideController.php (36)
in /var/www/vh.cuby.net/index.php (13)
2021/04/12 13:23:00 [error] [exception.CHttpException.404] CHttpException: Unable to resolve the request "gii". in /var/www/yii-1.1.14.f0fee9/framework/web/CWebApplication.php:286
Stack trace:
#0 /var/www/yii-1.1.14.f0fee9/framework/web/CWebApplication.php(141): CWebApplication->runController('gii')
#1 /var/www/yii-1.1.14.f0fee9/framework/base/CApplication.php(180): CWebApplication->processRequest()
#2 /var/www/vh.cuby.net/index.php(13): CApplication->run()
#3 {main}
REQUEST_URI=/index.php?r=gii
---
2021/04/12 20:10:18 [error] [exception.CException] CException: Property "DefaultController.breadcrumbs" is not defined. in /var/www/yii-1.1.14.f0fee9/framework/base/CComponent.php:173
Stack trace:
#0 /var/www/vh.cuby.net/protected/modules/login/views/default/index.php(4): CComponent->__set('breadcrumbs', Array)
#1 /var/www/yii-1.1.14.f0fee9/framework/web/CBaseController.php(126): require('/var/www/vh.cub...')
#2 /var/www/yii-1.1.14.f0fee9/framework/web/CBaseController.php(95): CBaseController->renderInternal('/var/www/vh.cub...', NULL, true)
#3 /var/www/yii-1.1.14.f0fee9/framework/web/CController.php(869): CBaseController->renderFile('/var/www/vh.cub...', NULL, true)
#4 /var/www/yii-1.1.14.f0fee9/framework/web/CController.php(782): CController->renderPartial('index', NULL, true)
#5 /var/www/vh.cuby.net/protected/modules/login/controllers/DefaultController.php(13): CController->render('index')
#6 /var/www/yii-1.1.14.f0fee9/framework/web/actions/CInlineAction.php(49): DefaultController->actionIndex()
#7 /var/www/yii-1.1.14.f0fee9/framework/web/CController.php(308): CInlineAction->runWithParams(Array)
#8 /var/www/yii-1.1.14.f0fee9/framework/web/CController.php(286): CController->runAction(Object(CInlineAction))
#9 /var/www/yii-1.1.14.f0fee9/framework/web/CController.php(265): CController->runActionWithFilters(Object(CInlineAction), Array)
#10 /var/www/yii-1.1.14.f0fee9/framework/web/CWebApplication.php(282): CController->run('')
#11 /var/www/yii-1.1.14.f0fee9/framework/web/CWebApplication.php(141): CWebApplication->runController('login')
#12 /var/www/yii-1.1.14.f0fee9/framework/base/CApplication.php(180): CWebApplication->processRequest()
#13 /var/www/vh.cuby.net/index.php(13): CApplication->run()
#14 {main}
REQUEST_URI=/?r=login
---
2021/04/12 20:14:08 [error] [exception.CException] CException: Property "DefaultController.layoutPath" is not defined. in /var/www/yii-1.1.14.f0fee9/framework/base/CComponent.php:173
Stack trace:
#0 /var/www/vh.cuby.net/protected/modules/login/controllers/DefaultController.php(7): CComponent->__set('layoutPath', '/var/www/vh.cub...')
#1 /var/www/yii-1.1.14.f0fee9/framework/web/CWebApplication.php(281): DefaultController->init()
#2 /var/www/yii-1.1.14.f0fee9/framework/web/CWebApplication.php(141): CWebApplication->runController('login')
#3 /var/www/yii-1.1.14.f0fee9/framework/base/CApplication.php(180): CWebApplication->processRequest()
#4 /var/www/vh.cuby.net/index.php(13): CApplication->run()
#5 {main}
REQUEST_URI=/?r=login
---
2021/04/12 20:39:09 [error] [php] Attempt to assign property 'layoutPath' of non-object (/var/www/vh.cuby.net/protected/modules/login/controllers/DefaultController.php:9)
Stack trace:
#0 /var/www/yii-1.1.14.f0fee9/framework/base/CApplication.php(180): CWebApplication->processRequest()
#1 /var/www/vh.cuby.net/index.php(13): CWebApplication->run()
REQUEST_URI=/?r=login
in /var/www/vh.cuby.net/protected/modules/login/controllers/DefaultController.php (9)
in /var/www/vh.cuby.net/index.php (13)
2021/04/12 22:13:41 [error] [php] count(): Parameter must be an array or an object that implements Countable (/var/www/yii-1.1.14.f0fee9/framework/gii/generators/model/ModelCode.php:371)
Stack trace:
#0 /var/www/yii-1.1.14.f0fee9/framework/gii/CCodeGenerator.php(162): ModelCode->prepare()
#1 /var/www/yii-1.1.14.f0fee9/framework/gii/CCodeGenerator.php(63): ModelGenerator->prepare()
#2 /var/www/yii-1.1.14.f0fee9/framework/web/actions/CInlineAction.php(49): ModelGenerator->actionIndex()
#3 /var/www/yii-1.1.14.f0fee9/framework/web/CController.php(308): CInlineAction->runWithParams()
#4 /var/www/yii-1.1.14.f0fee9/framework/web/CController.php(286): ModelGenerator->runAction()
#5 /var/www/yii-1.1.14.f0fee9/framework/web/CController.php(265): ModelGenerator->runActionWithFilters()
#6 /var/www/yii-1.1.14.f0fee9/framework/web/CWebApplication.php(282): ModelGenerator->run()
#7 /var/www/yii-1.1.14.f0fee9/framework/web/CWebApplication.php(141): CWebApplication->runController()
#8 /var/www/yii-1.1.14.f0fee9/framework/base/CApplication.php(180): CWebApplication->processRequest()
#9 /var/www/vh.cuby.net/index.php(13): CWebApplication->run()
REQUEST_URI=/index.php?r=gii/model/index
in /var/www/vh.cuby.net/index.php (13)
2021/04/12 22:29:41 [error] [exception.CException] CException: Alias "application.modules.login.models.user" is invalid. Make sure it points to an existing PHP file and the file is readable. in /var/www/yii-1.1.14.f0fee9/framework/YiiBase.php:322
Stack trace:
#0 /var/www/yii-1.1.14.f0fee9/framework/gii/generators/crud/CrudCode.php(59): YiiBase::import('application.mod...', true)
#1 /var/www/yii-1.1.14.f0fee9/framework/validators/CInlineValidator.php(42): CrudCode->validateModel('model', Array)
#2 /var/www/yii-1.1.14.f0fee9/framework/validators/CValidator.php(213): CInlineValidator->validateAttribute(Object(CrudCode), 'model')
#3 /var/www/yii-1.1.14.f0fee9/framework/base/CModel.php(159): CValidator->validate(Object(CrudCode), Array)
#4 /var/www/yii-1.1.14.f0fee9/framework/gii/CCodeGenerator.php(159): CModel->validate()
#5 /var/www/yii-1.1.14.f0fee9/framework/gii/CCodeGenerator.php(63): CCodeGenerator->prepare()
#6 /var/www/yii-1.1.14.f0fee9/framework/web/actions/CInlineAction.php(49): CCodeGenerator->actionIndex()
#7 /var/www/yii-1.1.14.f0fee9/framework/web/CController.php(308): CInlineAction->runWithParams(Array)
#8 /var/www/yii-1.1.14.f0fee9/framework/web/CController.php(286): CController->runAction(Object(CInlineAction))
#9 /var/www/yii-1.1.14.f0fee9/framework/web/CController.php(265): CController->runActionWithFilters(Object(CInlineAction), Array)
#10 /var/www/yii-1.1.14.f0fee9/framework/web/CWebApplication.php(282): CController->run('index')
#11 /var/www/yii-1.1.14.f0fee9/framework/web/CWebApplication.php(141): CWebApplication->runController('gii/crud/index')
#12 /var/www/yii-1.1.14.f0fee9/framework/base/CApplication.php(180): CWebApplication->processRequest()
#13 /var/www/vh.cuby.net/index.php(13): CApplication->run()
#14 {main}
REQUEST_URI=/index.php?r=gii/crud/index
HTTP_REFERER=http://vh.cuby.net/index.php?r=gii/crud/index
---
2021/04/12 22:41:54 [error] [exception.CException] CException: UserController cannot find the requested view "index". in /var/www/yii-1.1.14.f0fee9/framework/web/CController.php:878
Stack trace:
#0 /var/www/yii-1.1.14.f0fee9/framework/web/CController.php(782): CController->renderPartial('index', Array, true)
#1 /var/www/vh.cuby.net/protected/modules/login/controllers/UserController.php(127): CController->render('index', Array)
#2 /var/www/yii-1.1.14.f0fee9/framework/web/actions/CInlineAction.php(49): UserController->actionIndex()
#3 /var/www/yii-1.1.14.f0fee9/framework/web/CController.php(308): CInlineAction->runWithParams(Array)
#4 /var/www/yii-1.1.14.f0fee9/framework/web/filters/CFilterChain.php(133): CController->runAction(Object(CInlineAction))
#5 /var/www/yii-1.1.14.f0fee9/framework/web/filters/CFilter.php(40): CFilterChain->run()
#6 /var/www/yii-1.1.14.f0fee9/framework/web/CController.php(1145): CFilter->filter(Object(CFilterChain))
#7 /var/www/yii-1.1.14.f0fee9/framework/web/filters/CInlineFilter.php(58): CController->filterAccessControl(Object(CFilterChain))
#8 /var/www/yii-1.1.14.f0fee9/framework/web/filters/CFilterChain.php(130): CInlineFilter->filter(Object(CFilterChain))
#9 /var/www/yii-1.1.14.f0fee9/framework/web/CController.php(291): CFilterChain->run()
#10 /var/www/yii-1.1.14.f0fee9/framework/web/CController.php(265): CController->runActionWithFilters(Object(CInlineAction), Array)
#11 /var/www/yii-1.1.14.f0fee9/framework/web/CWebApplication.php(282): CController->run('')
#12 /var/www/yii-1.1.14.f0fee9/framework/web/CWebApplication.php(141): CWebApplication->runController('login/user')
#13 /var/www/yii-1.1.14.f0fee9/framework/base/CApplication.php(180): CWebApplication->processRequest()
#14 /var/www/vh.cuby.net/index.php(13): CApplication->run()
#15 {main}
REQUEST_URI=/?r=login/user
---
2021/04/12 22:43:08 [error] [exception.CException] CException: UserController cannot find the requested view "index". in /var/www/yii-1.1.14.f0fee9/framework/web/CController.php:878
Stack trace:
#0 /var/www/yii-1.1.14.f0fee9/framework/web/CController.php(782): CController->renderPartial('index', Array, true)
#1 /var/www/vh.cuby.net/protected/modules/login/controllers/UserController.php(127): CController->render('index', Array)
#2 /var/www/yii-1.1.14.f0fee9/framework/web/actions/CInlineAction.php(49): UserController->actionIndex()
#3 /var/www/yii-1.1.14.f0fee9/framework/web/CController.php(308): CInlineAction->runWithParams(Array)
#4 /var/www/yii-1.1.14.f0fee9/framework/web/filters/CFilterChain.php(133): CController->runAction(Object(CInlineAction))
#5 /var/www/yii-1.1.14.f0fee9/framework/web/filters/CFilter.php(40): CFilterChain->run()
#6 /var/www/yii-1.1.14.f0fee9/framework/web/CController.php(1145): CFilter->filter(Object(CFilterChain))
#7 /var/www/yii-1.1.14.f0fee9/framework/web/filters/CInlineFilter.php(58): CController->filterAccessControl(Object(CFilterChain))
#8 /var/www/yii-1.1.14.f0fee9/framework/web/filters/CFilterChain.php(130): CInlineFilter->filter(Object(CFilterChain))
#9 /var/www/yii-1.1.14.f0fee9/framework/web/CController.php(291): CFilterChain->run()
#10 /var/www/yii-1.1.14.f0fee9/framework/web/CController.php(265): CController->runActionWithFilters(Object(CInlineAction), Array)
#11 /var/www/yii-1.1.14.f0fee9/framework/web/CWebApplication.php(282): CController->run('index')
#12 /var/www/yii-1.1.14.f0fee9/framework/web/CWebApplication.php(141): CWebApplication->runController('login/user/inde...')
#13 /var/www/yii-1.1.14.f0fee9/framework/base/CApplication.php(180): CWebApplication->processRequest()
#14 /var/www/vh.cuby.net/index.php(13): CApplication->run()
#15 {main}
REQUEST_URI=/?r=login/user/index
---
2021/04/12 22:45:06 [error] [exception.CException] CException: UserController cannot find the requested view "index". in /var/www/yii-1.1.14.f0fee9/framework/web/CController.php:878
Stack trace:
#0 /var/www/yii-1.1.14.f0fee9/framework/web/CController.php(782): CController->renderPartial('index', Array, true)
#1 /var/www/vh.cuby.net/protected/modules/login/controllers/UserController.php(128): CController->render('index', Array)
#2 /var/www/yii-1.1.14.f0fee9/framework/web/actions/CInlineAction.php(49): UserController->actionIndex()
#3 /var/www/yii-1.1.14.f0fee9/framework/web/CController.php(308): CInlineAction->runWithParams(Array)
#4 /var/www/yii-1.1.14.f0fee9/framework/web/filters/CFilterChain.php(133): CController->runAction(Object(CInlineAction))
#5 /var/www/yii-1.1.14.f0fee9/framework/web/filters/CFilter.php(40): CFilterChain->run()
#6 /var/www/yii-1.1.14.f0fee9/framework/web/CController.php(1145): CFilter->filter(Object(CFilterChain))
#7 /var/www/yii-1.1.14.f0fee9/framework/web/filters/CInlineFilter.php(58): CController->filterAccessControl(Object(CFilterChain))
#8 /var/www/yii-1.1.14.f0fee9/framework/web/filters/CFilterChain.php(130): CInlineFilter->filter(Object(CFilterChain))
#9 /var/www/yii-1.1.14.f0fee9/framework/web/CController.php(291): CFilterChain->run()
#10 /var/www/yii-1.1.14.f0fee9/framework/web/CController.php(265): CController->runActionWithFilters(Object(CInlineAction), Array)
#11 /var/www/yii-1.1.14.f0fee9/framework/web/CWebApplication.php(282): CController->run('index')
#12 /var/www/yii-1.1.14.f0fee9/framework/web/CWebApplication.php(141): CWebApplication->runController('login/user/inde...')
#13 /var/www/yii-1.1.14.f0fee9/framework/base/CApplication.php(180): CWebApplication->processRequest()
#14 /var/www/vh.cuby.net/index.php(13): CApplication->run()
#15 {main}
REQUEST_URI=/?r=login/user/index
---
2021/04/12 22:48:39 [error] [exception.CException] CException: UserController cannot find the requested view "user/index". in /var/www/yii-1.1.14.f0fee9/framework/web/CController.php:878
Stack trace:
#0 /var/www/yii-1.1.14.f0fee9/framework/web/CController.php(782): CController->renderPartial('user/index', Array, true)
#1 /var/www/vh.cuby.net/protected/modules/login/controllers/UserController.php(128): CController->render('user/index', Array)
#2 /var/www/yii-1.1.14.f0fee9/framework/web/actions/CInlineAction.php(49): UserController->actionIndex()
#3 /var/www/yii-1.1.14.f0fee9/framework/web/CController.php(308): CInlineAction->runWithParams(Array)
#4 /var/www/yii-1.1.14.f0fee9/framework/web/filters/CFilterChain.php(133): CController->runAction(Object(CInlineAction))
#5 /var/www/yii-1.1.14.f0fee9/framework/web/filters/CFilter.php(40): CFilterChain->run()
#6 /var/www/yii-1.1.14.f0fee9/framework/web/CController.php(1145): CFilter->filter(Object(CFilterChain))
#7 /var/www/yii-1.1.14.f0fee9/framework/web/filters/CInlineFilter.php(58): CController->filterAccessControl(Object(CFilterChain))
#8 /var/www/yii-1.1.14.f0fee9/framework/web/filters/CFilterChain.php(130): CInlineFilter->filter(Object(CFilterChain))
#9 /var/www/yii-1.1.14.f0fee9/framework/web/CController.php(291): CFilterChain->run()
#10 /var/www/yii-1.1.14.f0fee9/framework/web/CController.php(265): CController->runActionWithFilters(Object(CInlineAction), Array)
#11 /var/www/yii-1.1.14.f0fee9/framework/web/CWebApplication.php(282): CController->run('index')
#12 /var/www/yii-1.1.14.f0fee9/framework/web/CWebApplication.php(141): CWebApplication->runController('login/user/inde...')
#13 /var/www/yii-1.1.14.f0fee9/framework/base/CApplication.php(180): CWebApplication->processRequest()
#14 /var/www/vh.cuby.net/index.php(13): CApplication->run()
#15 {main}
REQUEST_URI=/?r=login/user/index
---
2021/04/12 22:50:37 [error] [exception.CException] CException: UserController cannot find the requested view "login/user/index". in /var/www/yii-1.1.14.f0fee9/framework/web/CController.php:878
Stack trace:
#0 /var/www/yii-1.1.14.f0fee9/framework/web/CController.php(782): CController->renderPartial('login/user/inde...', Array, true)
#1 /var/www/vh.cuby.net/protected/modules/login/controllers/UserController.php(128): CController->render('login/user/inde...', Array)
#2 /var/www/yii-1.1.14.f0fee9/framework/web/actions/CInlineAction.php(49): UserController->actionIndex()
#3 /var/www/yii-1.1.14.f0fee9/framework/web/CController.php(308): CInlineAction->runWithParams(Array)
#4 /var/www/yii-1.1.14.f0fee9/framework/web/filters/CFilterChain.php(133): CController->runAction(Object(CInlineAction))
#5 /var/www/yii-1.1.14.f0fee9/framework/web/filters/CFilter.php(40): CFilterChain->run()
#6 /var/www/yii-1.1.14.f0fee9/framework/web/CController.php(1145): CFilter->filter(Object(CFilterChain))
#7 /var/www/yii-1.1.14.f0fee9/framework/web/filters/CInlineFilter.php(58): CController->filterAccessControl(Object(CFilterChain))
#8 /var/www/yii-1.1.14.f0fee9/framework/web/filters/CFilterChain.php(130): CInlineFilter->filter(Object(CFilterChain))
#9 /var/www/yii-1.1.14.f0fee9/framework/web/CController.php(291): CFilterChain->run()
#10 /var/www/yii-1.1.14.f0fee9/framework/web/CController.php(265): CController->runActionWithFilters(Object(CInlineAction), Array)
#11 /var/www/yii-1.1.14.f0fee9/framework/web/CWebApplication.php(282): CController->run('index')
#12 /var/www/yii-1.1.14.f0fee9/framework/web/CWebApplication.php(141): CWebApplication->runController('login/user/inde...')
#13 /var/www/yii-1.1.14.f0fee9/framework/base/CApplication.php(180): CWebApplication->processRequest()
#14 /var/www/vh.cuby.net/index.php(13): CApplication->run()
#15 {main}
REQUEST_URI=/?r=login/user/index
---
2021/04/12 22:51:51 [error] [exception.CException] CException: UserController cannot find the requested view "/login/user/index". in /var/www/yii-1.1.14.f0fee9/framework/web/CController.php:878
Stack trace:
#0 /var/www/yii-1.1.14.f0fee9/framework/web/CController.php(782): CController->renderPartial('/login/user/ind...', Array, true)
#1 /var/www/vh.cuby.net/protected/modules/login/controllers/UserController.php(128): CController->render('/login/user/ind...', Array)
#2 /var/www/yii-1.1.14.f0fee9/framework/web/actions/CInlineAction.php(49): UserController->actionIndex()
#3 /var/www/yii-1.1.14.f0fee9/framework/web/CController.php(308): CInlineAction->runWithParams(Array)
#4 /var/www/yii-1.1.14.f0fee9/framework/web/filters/CFilterChain.php(133): CController->runAction(Object(CInlineAction))
#5 /var/www/yii-1.1.14.f0fee9/framework/web/filters/CFilter.php(40): CFilterChain->run()
#6 /var/www/yii-1.1.14.f0fee9/framework/web/CController.php(1145): CFilter->filter(Object(CFilterChain))
#7 /var/www/yii-1.1.14.f0fee9/framework/web/filters/CInlineFilter.php(58): CController->filterAccessControl(Object(CFilterChain))
#8 /var/www/yii-1.1.14.f0fee9/framework/web/filters/CFilterChain.php(130): CInlineFilter->filter(Object(CFilterChain))
#9 /var/www/yii-1.1.14.f0fee9/framework/web/CController.php(291): CFilterChain->run()
#10 /var/www/yii-1.1.14.f0fee9/framework/web/CController.php(265): CController->runActionWithFilters(Object(CInlineAction), Array)
#11 /var/www/yii-1.1.14.f0fee9/framework/web/CWebApplication.php(282): CController->run('index')
#12 /var/www/yii-1.1.14.f0fee9/framework/web/CWebApplication.php(141): CWebApplication->runController('login/user/inde...')
#13 /var/www/yii-1.1.14.f0fee9/framework/base/CApplication.php(180): CWebApplication->processRequest()
#14 /var/www/vh.cuby.net/index.php(13): CApplication->run()
#15 {main}
REQUEST_URI=/?r=login/user/index
---
2021/04/12 22:57:31 [error] [exception.CException] CException: UserController cannot find the requested view "index". in /var/www/yii-1.1.14.f0fee9/framework/web/CController.php:878
Stack trace:
#0 /var/www/yii-1.1.14.f0fee9/framework/web/CController.php(782): CController->renderPartial('index', Array, true)
#1 /var/www/vh.cuby.net/protected/modules/login/controllers/UserController.php(128): CController->render('index', Array)
#2 /var/www/yii-1.1.14.f0fee9/framework/web/actions/CInlineAction.php(49): UserController->actionIndex()
#3 /var/www/yii-1.1.14.f0fee9/framework/web/CController.php(308): CInlineAction->runWithParams(Array)
#4 /var/www/yii-1.1.14.f0fee9/framework/web/filters/CFilterChain.php(133): CController->runAction(Object(CInlineAction))
#5 /var/www/yii-1.1.14.f0fee9/framework/web/filters/CFilter.php(40): CFilterChain->run()
#6 /var/www/yii-1.1.14.f0fee9/framework/web/CController.php(1145): CFilter->filter(Object(CFilterChain))
#7 /var/www/yii-1.1.14.f0fee9/framework/web/filters/CInlineFilter.php(58): CController->filterAccessControl(Object(CFilterChain))
#8 /var/www/yii-1.1.14.f0fee9/framework/web/filters/CFilterChain.php(130): CInlineFilter->filter(Object(CFilterChain))
#9 /var/www/yii-1.1.14.f0fee9/framework/web/CController.php(291): CFilterChain->run()
#10 /var/www/yii-1.1.14.f0fee9/framework/web/CController.php(265): CController->runActionWithFilters(Object(CInlineAction), Array)
#11 /var/www/yii-1.1.14.f0fee9/framework/web/CWebApplication.php(282): CController->run('index')
#12 /var/www/yii-1.1.14.f0fee9/framework/web/CWebApplication.php(141): CWebApplication->runController('login/user/inde...')
#13 /var/www/yii-1.1.14.f0fee9/framework/base/CApplication.php(180): CWebApplication->processRequest()
#14 /var/www/vh.cuby.net/index.php(13): CApplication->run()
#15 {main}
REQUEST_URI=/?r=login/user/index
---
2021/04/13 12:44:05 [error] [exception.CException] CException: DefaultController cannot find the requested view "login". in /var/www/yii-1.1.14.f0fee9/framework/web/CController.php:878
Stack trace:
#0 /var/www/yii-1.1.14.f0fee9/framework/web/CController.php(782): CController->renderPartial('login', NULL, true)
#1 /var/www/vh.cuby.net/protected/modules/view/controllers/DefaultController.php(19): CController->render('login')
#2 /var/www/yii-1.1.14.f0fee9/framework/web/actions/CInlineAction.php(49): DefaultController->actionIndex()
#3 /var/www/yii-1.1.14.f0fee9/framework/web/CController.php(308): CInlineAction->runWithParams(Array)
#4 /var/www/yii-1.1.14.f0fee9/framework/web/CController.php(286): CController->runAction(Object(CInlineAction))
#5 /var/www/yii-1.1.14.f0fee9/framework/web/CController.php(265): CController->runActionWithFilters(Object(CInlineAction), Array)
#6 /var/www/yii-1.1.14.f0fee9/framework/web/CWebApplication.php(282): CController->run('')
#7 /var/www/yii-1.1.14.f0fee9/framework/web/CWebApplication.php(141): CWebApplication->runController('view/')
#8 /var/www/yii-1.1.14.f0fee9/framework/base/CApplication.php(180): CWebApplication->processRequest()
#9 /var/www/vh.cuby.net/index.php(13): CApplication->run()
#10 {main}
REQUEST_URI=/index.php?r=view/
---
2021/04/13 12:45:09 [error] [php] Undefined variable: model (/var/www/vh.cuby.net/protected/modules/view/views/default/login.php:28)
Stack trace:
#0 /var/www/yii-1.1.14.f0fee9/framework/web/CController.php(869): DefaultController->renderFile()
#1 /var/www/yii-1.1.14.f0fee9/framework/web/CController.php(782): DefaultController->renderPartial()
#2 /var/www/vh.cuby.net/protected/modules/view/controllers/DefaultController.php(19): DefaultController->render()
#3 /var/www/yii-1.1.14.f0fee9/framework/web/actions/CInlineAction.php(49): DefaultController->actionIndex()
#4 /var/www/yii-1.1.14.f0fee9/framework/web/CController.php(308): CInlineAction->runWithParams()
#5 /var/www/yii-1.1.14.f0fee9/framework/web/CController.php(286): DefaultController->runAction()
#6 /var/www/yii-1.1.14.f0fee9/framework/web/CController.php(265): DefaultController->runActionWithFilters()
#7 /var/www/yii-1.1.14.f0fee9/framework/web/CWebApplication.php(282): DefaultController->run()
#8 /var/www/yii-1.1.14.f0fee9/framework/web/CWebApplication.php(141): CWebApplication->runController()
#9 /var/www/yii-1.1.14.f0fee9/framework/base/CApplication.php(180): CWebApplication->processRequest()
#10 /var/www/vh.cuby.net/index.php(13): CWebApplication->run()
REQUEST_URI=/index.php?r=view/
in /var/www/vh.cuby.net/protected/modules/view/views/default/login.php (28)
in /var/www/vh.cuby.net/protected/modules/view/controllers/DefaultController.php (19)
in /var/www/vh.cuby.net/index.php (13)
2021/04/13 12:56:55 [error] [exception.CHttpException.404] CHttpException: Unable to resolve the request "view/login". in /var/www/yii-1.1.14.f0fee9/framework/web/CWebApplication.php:286
Stack trace:
#0 /var/www/yii-1.1.14.f0fee9/framework/web/CWebApplication.php(141): CWebApplication->runController('view/login')
#1 /var/www/yii-1.1.14.f0fee9/framework/base/CApplication.php(180): CWebApplication->processRequest()
#2 /var/www/vh.cuby.net/index.php(13): CApplication->run()
#3 {main}
REQUEST_URI=/index.php?r=view/login
---
2021/04/13 13:00:28 [error] [exception.CHttpException.404] CHttpException: Unable to resolve the request "view/site". in /var/www/yii-1.1.14.f0fee9/framework/web/CWebApplication.php:286
Stack trace:
#0 /var/www/yii-1.1.14.f0fee9/framework/web/CWebApplication.php(141): CWebApplication->runController('view/site')
#1 /var/www/yii-1.1.14.f0fee9/framework/base/CApplication.php(180): CWebApplication->processRequest()
#2 /var/www/vh.cuby.net/index.php(13): CApplication->run()
#3 {main}
REQUEST_URI=/index.php?r=view/site
---
2021/04/13 13:02:29 [error] [exception.CHttpException.404] CHttpException: Unable to resolve the request "view/site". in /var/www/yii-1.1.14.f0fee9/framework/web/CWebApplication.php:286
Stack trace:
#0 /var/www/yii-1.1.14.f0fee9/framework/web/CWebApplication.php(141): CWebApplication->runController('view/site')
#1 /var/www/yii-1.1.14.f0fee9/framework/base/CApplication.php(180): CWebApplication->processRequest()
#2 /var/www/vh.cuby.net/index.php(13): CApplication->run()
#3 {main}
REQUEST_URI=/index.php?r=view/site
---
2021/04/13 13:07:19 [error] [exception.CHttpException.404] CHttpException: Unable to resolve the request "view/site". in /var/www/yii-1.1.14.f0fee9/framework/web/CWebApplication.php:286
Stack trace:
#0 /var/www/yii-1.1.14.f0fee9/framework/web/CWebApplication.php(141): CWebApplication->runController('view/site')
#1 /var/www/yii-1.1.14.f0fee9/framework/base/CApplication.php(180): CWebApplication->processRequest()
#2 /var/www/vh.cuby.net/index.php(13): CApplication->run()
#3 {main}
REQUEST_URI=/index.php?r=view/site
---
2021/04/13 13:07:22 [error] [exception.CHttpException.404] CHttpException: Unable to resolve the request "view/site". in /var/www/yii-1.1.14.f0fee9/framework/web/CWebApplication.php:286
Stack trace:
#0 /var/www/yii-1.1.14.f0fee9/framework/web/CWebApplication.php(141): CWebApplication->runController('view/site')
#1 /var/www/yii-1.1.14.f0fee9/framework/base/CApplication.php(180): CWebApplication->processRequest()
#2 /var/www/vh.cuby.net/index.php(13): CApplication->run()
#3 {main}
REQUEST_URI=/index.php?r=view/site
---
2021/04/13 13:07:37 [error] [exception.CHttpException.404] CHttpException: Unable to resolve the request "view/site/index". in /var/www/yii-1.1.14.f0fee9/framework/web/CWebApplication.php:286
Stack trace:
#0 /var/www/yii-1.1.14.f0fee9/framework/web/CWebApplication.php(141): CWebApplication->runController('view/site/index')
#1 /var/www/yii-1.1.14.f0fee9/framework/base/CApplication.php(180): CWebApplication->processRequest()
#2 /var/www/vh.cuby.net/index.php(13): CApplication->run()
#3 {main}
REQUEST_URI=/index.php?r=view/site/index
---
2021/04/13 13:07:47 [error] [exception.CHttpException.404] CHttpException: Unable to resolve the request "view/site/index". in /var/www/yii-1.1.14.f0fee9/framework/web/CWebApplication.php:286
Stack trace:
#0 /var/www/yii-1.1.14.f0fee9/framework/web/CWebApplication.php(141): CWebApplication->runController('view/site/index')
#1 /var/www/yii-1.1.14.f0fee9/framework/base/CApplication.php(180): CWebApplication->processRequest()
#2 /var/www/vh.cuby.net/index.php(13): CApplication->run()
#3 {main}
REQUEST_URI=/index.php?r=view/site/index
---
2021/04/13 13:08:00 [error] [exception.CHttpException.404] CHttpException: Unable to resolve the request "view/site/". in /var/www/yii-1.1.14.f0fee9/framework/web/CWebApplication.php:286
Stack trace:
#0 /var/www/yii-1.1.14.f0fee9/framework/web/CWebApplication.php(141): CWebApplication->runController('view/site/')
#1 /var/www/yii-1.1.14.f0fee9/framework/base/CApplication.php(180): CWebApplication->processRequest()
#2 /var/www/vh.cuby.net/index.php(13): CApplication->run()
#3 {main}
REQUEST_URI=/index.php?r=view/site/
---
2021/04/13 13:10:05 [error] [exception.CHttpException.404] CHttpException: Unable to resolve the request "view/site". in /var/www/yii-1.1.14.f0fee9/framework/web/CWebApplication.php:286
Stack trace:
#0 /var/www/yii-1.1.14.f0fee9/framework/web/CWebApplication.php(141): CWebApplication->runController('view/site')
#1 /var/www/yii-1.1.14.f0fee9/framework/base/CApplication.php(180): CWebApplication->processRequest()
#2 /var/www/vh.cuby.net/index.php(13): CApplication->run()
#3 {main}
REQUEST_URI=/index.php?r=view/site
---
2021/04/13 13:11:31 [error] [exception.CException] CException: SiteController cannot find the requested view "login". in /var/www/yii-1.1.14.f0fee9/framework/web/CController.php:878
Stack trace:
#0 /var/www/yii-1.1.14.f0fee9/framework/web/CController.php(782): CController->renderPartial('login', Array, true)
#1 /var/www/vh.cuby.net/protected/modules/view/controllers/SiteController.php(39): CController->render('login', Array)
#2 /var/www/yii-1.1.14.f0fee9/framework/web/actions/CInlineAction.php(49): SiteController->actionLogin()
#3 /var/www/yii-1.1.14.f0fee9/framework/web/CController.php(308): CInlineAction->runWithParams(Array)
#4 /var/www/yii-1.1.14.f0fee9/framework/web/CController.php(286): CController->runAction(Object(CInlineAction))
#5 /var/www/yii-1.1.14.f0fee9/framework/web/CController.php(265): CController->runActionWithFilters(Object(CInlineAction), Array)
#6 /var/www/yii-1.1.14.f0fee9/framework/web/CWebApplication.php(282): CController->run('login')
#7 /var/www/yii-1.1.14.f0fee9/framework/web/CWebApplication.php(141): CWebApplication->runController('view/site/login')
#8 /var/www/yii-1.1.14.f0fee9/framework/base/CApplication.php(180): CWebApplication->processRequest()
#9 /var/www/vh.cuby.net/index.php(13): CApplication->run()
#10 {main}
REQUEST_URI=/index.php?r=view/site/login
---
2021/04/13 14:26:00 [error] [exception.CException] CException: Alias "application.view.models.User" is invalid. Make sure it points to an existing PHP file and the file is readable. in /var/www/yii-1.1.14.f0fee9/framework/YiiBase.php:322
Stack trace:
#0 /var/www/yii-1.1.14.f0fee9/framework/gii/generators/form/FormCode.php(58): YiiBase::import('application.vie...', true)
#1 /var/www/yii-1.1.14.f0fee9/framework/validators/CInlineValidator.php(42): FormCode->validateModel('model', Array)
#2 /var/www/yii-1.1.14.f0fee9/framework/validators/CValidator.php(213): CInlineValidator->validateAttribute(Object(FormCode), 'model')
#3 /var/www/yii-1.1.14.f0fee9/framework/base/CModel.php(159): CValidator->validate(Object(FormCode), Array)
#4 /var/www/yii-1.1.14.f0fee9/framework/gii/CCodeGenerator.php(159): CModel->validate()
#5 /var/www/yii-1.1.14.f0fee9/framework/gii/CCodeGenerator.php(63): CCodeGenerator->prepare()
#6 /var/www/yii-1.1.14.f0fee9/framework/web/actions/CInlineAction.php(49): CCodeGenerator->actionIndex()
#7 /var/www/yii-1.1.14.f0fee9/framework/web/CController.php(308): CInlineAction->runWithParams(Array)
#8 /var/www/yii-1.1.14.f0fee9/framework/web/CController.php(286): CController->runAction(Object(CInlineAction))
#9 /var/www/yii-1.1.14.f0fee9/framework/web/CController.php(265): CController->runActionWithFilters(Object(CInlineAction), Array)
#10 /var/www/yii-1.1.14.f0fee9/framework/web/CWebApplication.php(282): CController->run('index')
#11 /var/www/yii-1.1.14.f0fee9/framework/web/CWebApplication.php(141): CWebApplication->runController('gii/form/index')
#12 /var/www/yii-1.1.14.f0fee9/framework/base/CApplication.php(180): CWebApplication->processRequest()
#13 /var/www/vh.cuby.net/index.php(13): CApplication->run()
#14 {main}
REQUEST_URI=/index.php?r=gii/form/index
HTTP_REFERER=http://vh.cuby.net/index.php?r=gii/form/index
---
